{
  "stats": {
    "suites": 1,
    "tests": 1,
    "passes": 1,
    "pending": 0,
    "failures": 0,
    "start": "2021-09-02T13:40:13.106Z",
    "end": "2021-09-02T13:40:13.120Z",
    "duration": 14,
    "testsRegistered": 1,
    "passPercent": 100,
    "pendingPercent": 0,
    "other": 0,
    "hasOther": false,
    "skipped": 0,
    "hasSkipped": false
  },
  "results": [
    {
      "uuid": "20e20736-53fc-4843-97f7-29dcf3bf2be2",
      "title": "",
      "fullFile": "",
      "file": "",
      "beforeHooks": [],
      "afterHooks": [],
      "tests": [],
      "suites": [
        {
          "uuid": "0f84cc95-c21c-47a3-816c-39378e91d87e",
          "title": "Test Demo",
          "fullFile": "C:\\workpalce\\data-structures-and-algorithms-by-javascript\\dist\\algorithms.js",
          "file": "\\dist\\algorithms.js",
          "beforeHooks": [],
          "afterHooks": [],
          "tests": [
            {
              "title": "first item",
              "fullTitle": "Test Demo first item",
              "timedOut": false,
              "duration": 1,
              "state": "passed",
              "speed": "fast",
              "pass": true,
              "fail": false,
              "pending": false,
              "context": null,
              "code": "(0,chai__WEBPACK_IMPORTED_MODULE_1__.expect)(1 + 1).to.equal(2);",
              "err": {},
              "uuid": "5fb3c077-ad32-4d9b-932c-fea6c07139fb",
              "parentUUID": "0f84cc95-c21c-47a3-816c-39378e91d87e",
              "isHook": false,
              "skipped": false
            }
          ],
          "suites": [],
          "passes": [
            "5fb3c077-ad32-4d9b-932c-fea6c07139fb"
          ],
          "failures": [],
          "pending": [],
          "skipped": [],
          "duration": 1,
          "root": false,
          "rootEmpty": false,
          "_timeout": 2000
        }
      ],
      "passes": [],
      "failures": [],
      "pending": [],
      "skipped": [],
      "duration": 0,
      "root": true,
      "rootEmpty": true,
      "_timeout": 2000
    }
  ],
  "meta": {
    "mocha": {
      "version": "9.1.1"
    },
    "mochawesome": {
      "options": {
        "quiet": false,
        "reportFilename": "mochawesome",
        "saveHtml": true,
        "saveJson": true,
        "consoleReporter": "spec",
        "useInlineDiffs": false,
        "code": true
      },
      "version": "6.2.2"
    },
    "marge": {
      "options": null,
      "version": "5.2.0"
    }
  }
}