{
  "stats": {
    "suites": 1,
    "tests": 2,
    "passes": 2,
    "pending": 0,
    "failures": 0,
    "start": "2021-09-03T12:27:57.139Z",
    "end": "2021-09-03T12:27:57.175Z",
    "duration": 36,
    "testsRegistered": 2,
    "passPercent": 100,
    "pendingPercent": 0,
    "other": 0,
    "hasOther": false,
    "skipped": 0,
    "hasSkipped": false
  },
  "results": [
    {
      "uuid": "823293fd-505a-4588-a04c-7bf8d0aa2e43",
      "title": "",
      "fullFile": "",
      "file": "",
      "beforeHooks": [],
      "afterHooks": [],
      "tests": [],
      "suites": [
        {
          "uuid": "35598ec8-29e6-4f2a-96e4-cf5f7c7fedff",
          "title": "红黑树单元测试",
          "fullFile": "C:\\workpalce\\data-structures-and-algorithms-by-javascript\\test\\red-black-tree.spec.js",
          "file": "\\test\\red-black-tree.spec.js",
          "beforeHooks": [],
          "afterHooks": [],
          "tests": [
            {
              "title": "1.测试节点颜色非红即黑",
              "fullTitle": "红黑树单元测试 1.测试节点颜色非红即黑",
              "timedOut": false,
              "duration": 8,
              "state": "passed",
              "speed": "fast",
              "pass": true,
              "fail": false,
              "pending": false,
              "context": null,
              "code": "tree.inOrderTraverse(function (node) {\n  var RED = _index.Colors.RED,\n      BLACK = _index.Colors.BLACK;\n  (0, _chai.expect)([RED, BLACK]).to.include(node.color);\n});",
              "err": {},
              "uuid": "1fb2786a-1bc4-4620-8b4b-de2ba7efa3dc",
              "parentUUID": "35598ec8-29e6-4f2a-96e4-cf5f7c7fedff",
              "isHook": false,
              "skipped": false
            },
            {
              "title": "2.测试根节点颜色是黑色",
              "fullTitle": "红黑树单元测试 2.测试根节点颜色是黑色",
              "timedOut": false,
              "duration": 1,
              "state": "passed",
              "speed": "fast",
              "pass": true,
              "fail": false,
              "pending": false,
              "context": null,
              "code": "(0, _chai.expect)(tree.root.isRed()).to.equal(false);",
              "err": {},
              "uuid": "4aaab938-dbbe-4a79-a0b6-43e2ea883963",
              "parentUUID": "35598ec8-29e6-4f2a-96e4-cf5f7c7fedff",
              "isHook": false,
              "skipped": false
            }
          ],
          "suites": [],
          "passes": [
            "1fb2786a-1bc4-4620-8b4b-de2ba7efa3dc",
            "4aaab938-dbbe-4a79-a0b6-43e2ea883963"
          ],
          "failures": [],
          "pending": [],
          "skipped": [],
          "duration": 9,
          "root": false,
          "rootEmpty": false,
          "_timeout": 2000
        }
      ],
      "passes": [],
      "failures": [],
      "pending": [],
      "skipped": [],
      "duration": 0,
      "root": true,
      "rootEmpty": true,
      "_timeout": 2000
    }
  ],
  "meta": {
    "mocha": {
      "version": "9.1.1"
    },
    "mochawesome": {
      "options": {
        "quiet": false,
        "reportFilename": "mochawesome",
        "saveHtml": true,
        "saveJson": true,
        "consoleReporter": "spec",
        "useInlineDiffs": false,
        "code": true
      },
      "version": "6.2.2"
    },
    "marge": {
      "options": null,
      "version": "5.2.0"
    }
  }
}