{
  "stats": {
    "suites": 1,
    "tests": 2,
    "passes": 2,
    "pending": 0,
    "failures": 0,
    "start": "2021-08-30T10:17:36.732Z",
    "end": "2021-08-30T10:17:36.759Z",
    "duration": 27,
    "testsRegistered": 2,
    "passPercent": 100,
    "pendingPercent": 0,
    "other": 0,
    "hasOther": false,
    "skipped": 0,
    "hasSkipped": false
  },
  "results": [
    {
      "uuid": "e81ab9d6-6314-4a4e-af97-604c6bfd6aa7",
      "title": "",
      "fullFile": "",
      "file": "",
      "beforeHooks": [],
      "afterHooks": [],
      "tests": [],
      "suites": [
        {
          "uuid": "5d714a57-d1da-4ba4-b35f-5eabd12cdf14",
          "title": "红黑树单元测试",
          "fullFile": "C:\\workpalce\\data-structures-and-algorithms-by-javascript\\test\\red-black-tree.spec.js",
          "file": "\\test\\red-black-tree.spec.js",
          "beforeHooks": [],
          "afterHooks": [],
          "tests": [
            {
              "title": "测试节点颜色非红即黑",
              "fullTitle": "红黑树单元测试 测试节点颜色非红即黑",
              "timedOut": false,
              "duration": 7,
              "state": "passed",
              "speed": "fast",
              "pass": true,
              "fail": false,
              "pending": false,
              "context": null,
              "code": "tree.inOrderTraverse((node) => {\n  const { RED, BLACK } = Colors;\n  expect([RED, BLACK]).to.include(node.color);\n});",
              "err": {},
              "uuid": "44fb951d-0696-480c-bba5-e11969c26322",
              "parentUUID": "5d714a57-d1da-4ba4-b35f-5eabd12cdf14",
              "isHook": false,
              "skipped": false
            },
            {
              "title": "测试根节点颜色是黑色",
              "fullTitle": "红黑树单元测试 测试根节点颜色是黑色",
              "timedOut": false,
              "duration": 1,
              "state": "passed",
              "speed": "fast",
              "pass": true,
              "fail": false,
              "pending": false,
              "context": null,
              "code": "expect(tree.root.isRed()).to.equal(false);",
              "err": {},
              "uuid": "393bf037-0ea8-4261-9e16-9d07175c0fd3",
              "parentUUID": "5d714a57-d1da-4ba4-b35f-5eabd12cdf14",
              "isHook": false,
              "skipped": false
            }
          ],
          "suites": [],
          "passes": [
            "44fb951d-0696-480c-bba5-e11969c26322",
            "393bf037-0ea8-4261-9e16-9d07175c0fd3"
          ],
          "failures": [],
          "pending": [],
          "skipped": [],
          "duration": 8,
          "root": false,
          "rootEmpty": false,
          "_timeout": 2000
        }
      ],
      "passes": [],
      "failures": [],
      "pending": [],
      "skipped": [],
      "duration": 0,
      "root": true,
      "rootEmpty": true,
      "_timeout": 2000
    }
  ],
  "meta": {
    "mocha": {
      "version": "9.1.1"
    },
    "mochawesome": {
      "options": {
        "quiet": false,
        "reportFilename": "mochawesome",
        "saveHtml": true,
        "saveJson": true,
        "consoleReporter": "spec",
        "useInlineDiffs": false,
        "code": true
      },
      "version": "6.2.2"
    },
    "marge": {
      "options": null,
      "version": "5.2.0"
    }
  }
}