{
  "stats": {
    "suites": 1,
    "tests": 2,
    "passes": 2,
    "pending": 0,
    "failures": 0,
    "start": "2021-08-30T11:08:02.165Z",
    "end": "2021-08-30T11:08:02.178Z",
    "duration": 13,
    "testsRegistered": 2,
    "passPercent": 100,
    "pendingPercent": 0,
    "other": 0,
    "hasOther": false,
    "skipped": 0,
    "hasSkipped": false
  },
  "results": [
    {
      "uuid": "d504b588-309a-4640-a550-3e15fdf13b19",
      "title": "",
      "fullFile": "",
      "file": "",
      "beforeHooks": [],
      "afterHooks": [],
      "tests": [],
      "suites": [
        {
          "uuid": "5abb8100-ad13-41dc-87b8-2e9a32afe04a",
          "title": "红黑树单元测试",
          "fullFile": "C:\\workpalce\\data-structures-and-algorithms-by-javascript\\dist\\algorithms.js",
          "file": "\\dist\\algorithms.js",
          "beforeHooks": [],
          "afterHooks": [],
          "tests": [
            {
              "title": "1.测试节点颜色非红即黑",
              "fullTitle": "红黑树单元测试 1.测试节点颜色非红即黑",
              "timedOut": false,
              "duration": 3,
              "state": "passed",
              "speed": "fast",
              "pass": true,
              "fail": false,
              "pending": false,
              "context": null,
              "code": "tree.inOrderTraverse(function (node) {\n  var RED = _src_utils_index_js__WEBPACK_IMPORTED_MODULE_1__.Colors.RED,\n      BLACK = _src_utils_index_js__WEBPACK_IMPORTED_MODULE_1__.Colors.BLACK;\n  (0,chai__WEBPACK_IMPORTED_MODULE_2__.expect)([RED, BLACK]).to.include(node.color);\n});",
              "err": {},
              "uuid": "f9f5d9c1-9ea3-4697-81be-003e0ea9bba4",
              "parentUUID": "5abb8100-ad13-41dc-87b8-2e9a32afe04a",
              "isHook": false,
              "skipped": false
            },
            {
              "title": "2.测试根节点颜色是黑色",
              "fullTitle": "红黑树单元测试 2.测试根节点颜色是黑色",
              "timedOut": false,
              "duration": 0,
              "state": "passed",
              "speed": "fast",
              "pass": true,
              "fail": false,
              "pending": false,
              "context": null,
              "code": "(0,chai__WEBPACK_IMPORTED_MODULE_2__.expect)(tree.root.isRed()).to.equal(false);",
              "err": {},
              "uuid": "9409488d-cd72-4ec3-8fc1-c3f964953685",
              "parentUUID": "5abb8100-ad13-41dc-87b8-2e9a32afe04a",
              "isHook": false,
              "skipped": false
            }
          ],
          "suites": [],
          "passes": [
            "f9f5d9c1-9ea3-4697-81be-003e0ea9bba4",
            "9409488d-cd72-4ec3-8fc1-c3f964953685"
          ],
          "failures": [],
          "pending": [],
          "skipped": [],
          "duration": 3,
          "root": false,
          "rootEmpty": false,
          "_timeout": 2000
        }
      ],
      "passes": [],
      "failures": [],
      "pending": [],
      "skipped": [],
      "duration": 0,
      "root": true,
      "rootEmpty": true,
      "_timeout": 2000
    }
  ],
  "meta": {
    "mocha": {
      "version": "9.1.1"
    },
    "mochawesome": {
      "options": {
        "quiet": false,
        "reportFilename": "mochawesome",
        "saveHtml": true,
        "saveJson": true,
        "consoleReporter": "spec",
        "useInlineDiffs": false,
        "code": true
      },
      "version": "6.2.2"
    },
    "marge": {
      "options": null,
      "version": "5.2.0"
    }
  }
}